<?xml version="1.0" encoding="UTF-8"?>
<Site BuildName="Linux-g++"
	BuildStamp="20230605-0716-Experimental"
	Name="kali-kpessou"
	Generator="ctest-3.25.1"
	CompilerName="/usr/bin/g++"
	CompilerVersion="12.2.0"
	OSName="Linux"
	Hostname="kali-kpessou"
	OSRelease="6.1.0-kali9-amd64"
	OSVersion="#1 SMP PREEMPT_DYNAMIC Debian 6.1.27-1kali1 (2023-05-12)"
	OSPlatform="x86_64"
	Is64Bits="1"
	VendorString="GenuineIntel"
	VendorID="Intel Corporation"
	FamilyID="6"
	ModelID="126"
	ProcessorCacheSize="6144"
	NumberOfLogicalCPU="8"
	NumberOfPhysicalCPU="4"
	TotalVirtualMemory="7628"
	TotalPhysicalMemory="7612"
	LogicalProcessorsPerPhysical="2"
	ProcessorClockFrequency="2199.37"
	>
	<Testing>
		<StartDateTime>Jun 05 22:10 WAT</StartDateTime>
		<StartTestTime>1685999431</StartTestTime>
		<TestList/>
		<EndDateTime>Jun 05 22:10 WAT</EndDateTime>
		<EndTestTime>1685999431</EndTestTime>
		<ElapsedMinutes>0</ElapsedMinutes>
	</Testing>
</Site>
